[[ 1.6  1.6]
 [ 1.6  0.2]
 [ 1.6  3. ]
 [ 0.2  1.6]
 [ 3.   1.6]][[ 1.6  1.6]
 [ 1.6  0.2]
 [ 1.6  3. ]
 [ 0.2  1.6]
 [ 3.   1.6]]
[[ 1.6  1.6]
 [ 1.6  0.2]
 [ 1.6  3. ]
 [ 0.2  1.6]
 [ 3.   1.6]]
[[ 1.6  1.6]
 [ 1.6  0.2]
 [ 1.6  3. ]
 [ 0.2  1.6]
 [ 3.   1.6]]
('hello[[ 1.6  1.6]
 [ 1.6  0.2]
 [ 1.6  3. ]
 [ 0.2  1.6]
 [ 3.   1.6]]
('hello from rank', 20)('hello from rank', 23)
[[ 1.6  1.6]
 [ 1.6  0.2]
 [ 1.6  3. ]
 [ 0.2  1.6]
 [ 3.   1.6]]
('hello from rank', 26)
[[ 1.6  1.6]
 [ 1.6  0.2]
 [ 1.6  3. ]
 [ 0.2  1.6]
 [ 3.   1.6]]
('hello from rank', 31)
 from rank', 17)

[[ 1.6  1.6]
 [ 1.6  0.2]
 [ 1.6  3. ]
 [ 0.2  1.6]
 [ 3.   1.6]]
('hello from[[ 1.6  1.6]
 [ 1.6  0.2]
 [ 1.6  3. ]
 [ 0.2  1.6]
 [ 3.   1.6]]
('hello from rank[[ 1.6  1.6]
 [ 1.6  0.2]
 [ 1.6  3. ]
 [ 0.2  1.6]
 [ 3.   1.6]]
('hello from rank', 30)
[[ 1.6  1.6]
 [ 1.6  0.2]
 [ 1.6  3. ]
 [ 0.2  1.6]
 [ 3.   1.6]]
( rank', 21)
[[ 1.6  1.6]
 [ 1.6  0.2]
 [ 1.6  3. ]
 [ 0.2  1.6]
 [ 3.   1.6]]
('hel[[ 1.6  1.6]
 [ 1.6  0.2]
 [ 1.6  3. ]
 [ 0.2  1.6]
 [ 3.   1.6]]
[[ 1.6  1.6]
 [ 1.6  0.2]
 [ 1.6  3. ]
 [ 0.2  1.6]
 [ 3.   1.6]]
('h[[ 1.6  1.6]
 [ 1.6  0.2]
 [ 1.6  3. ]
 [ 0.2  1.6]
 [ 3.   1.6]]
('hello from rank', 27', 28)
('hello from rank', 29)
[[ 1.6  1.6]
 [ 1.6  0.2]
 [ 1.6  3. ]
 [ 0.2  1.6]
 [ 3.   1.6]]
('hello from'hello from rank', 19)
lo from rank', 22)
('hello from rank', 24)
ello from rank', 25)
)
 rank', 18)

('hello from rank', 16)
[[ 1.6  1.6]
 [ 1.6  0.2]
 [ 1.6  3. ]
 [ 0.2  1.6]
 [ 3.   1.6]]
[[ 1.6  1.6]
 [ 1.6  0.2]
 [ 1.6  3. ]
 [ 0.2  1.6]
 [ 3.   1.6]]
[[ 1.6  1.6]
 [ 1.6  0.2]
 [ 1.6  3. ]
 [ 0.2  1.6]
 [ 3.   1.6]]
[[ 1.6  1.6]
 [ 1.6  0.2]
 [ 1.6  3. ]
 [ 0.2  1.6]
 [ 3.   1.6]]
[[ 1.6  1.6]
 [ 1.6  0.2]
 [ 1.6  3. ]
 [ 0.2  1.6]
 [ 3.   1.6]]
[[ 1.6  1.6]
 [ 1.6  0.2]
 [ 1.6  3. ]
 [ 0.2  1.6]
 [ 3.   1.6]]
[[ 1.6  1.6]
 [ 1.6  0.2]
 [ 1.6  3. ]
 [ 0.2  1.6]
 [ 3.   1.6]][[ 1.6  1.6]
 [ 1.6  0.2]
 [ 1.6  3. ]
 [ 0.2  1.6]
 [ 3.   1.6]]
[[ 1.6  1.6]
 [ 1.6  0.2]
 [ 1.6  3. ]
 [ 0.2  1.6]
 [ 3.   1.6]]
[[ 1.6  1.6]
 [ 1.6  0.2]
 [ 1.6  3. ]
 [ 0.2  1.6]
 [ 3.   1.6]]
('hello from rank', ('hello from rank[[ 1.6  1.6]
 [ 1.6  0.2]
 [ 1.6  3. ]
 [ 0.2  1.6]
 [ 3.   1.6]]
[[ 1.6  1.6]
 [ 1.6  0.2]
 [ 1.6  3. ]
 [ 0.2  1.6]
 [ 3.   1.6]]
('hello from rank', 12)
('hello from rank', 13)
('hello from rank', 0)
2)
('hello from rank', 3)
', 4)
('hello from rank', 5)
('hello from rank', 8)
('hello from rank', 10)
('hello from rank', 14)
[[ 1.6  1.6]
 [ 1.6  0.2]
 [ 1.6  3. ]
 [ 0.2  1.6]
 [ 3.   1.6]]
('hello from rank', 6)

('hello from rank', 7)
[[ 1.6  1.6]
 [ 1.6  0.2]
 [ 1.6  3. ]
 [ 0.2  1.6]
 [ 3.   1.6]]
('hello from rank[[ 1.6  1.6]
 [ 1.6  0.2]
 [ 1.6  3. ]
 [ 0.2  1.6]
 [ 3.   1.6]]
('hello from rank', 15)
('hello from rank', 1)
[[ 1.6  1.6]
 [ 1.6  0.2]
 [ 1.6  3. ]
 [ 0.2  1.6]
 [ 3.   1.6]]
('hello from rank', 9)
', 11)
[PyIPOPT] Ipopt will use Hessian approximation.

[PyIPOPT] Problem created

******************************************************************************
This program contains Ipopt, a library for large-scale nonlinear optimization.
 Ipopt is released as open source code under the Eclipse Public License (EPL).
         For more information visit http://projects.coin-or.org/Ipopt
******************************************************************************

[PyIPOPT] Ipopt will use Hessian approximation.

[PyIPOPT] Problem created

******************************************************************************
This program contains Ipopt, a library for large-scale nonlinear optimization.
 Ipopt is released as open source code under the Eclipse Public License (EPL).
         For more information visit http://projects.coin-or.org/Ipopt
******************************************************************************

[PyIPOPT] Ipopt will use Hessian approximation.

[PyIPOPT] Problem created

******************************************************************************
This program contains Ipopt, a library for large-scale nonlinear optimization.
 Ipopt is released as open source code under the Eclipse Public License (EPL).
         For more information visit http://projects.coin-or.org/Ipopt
******************************************************************************

[PyIPOPT] Ipopt will use Hessian approximation.

[PyIPOPT] Problem created

******************************************************************************
This program contains Ipopt, a library for large-scale nonlinear optimization.
 Ipopt is released as open source code under the Eclipse Public License (EPL).
         For more information visit http://projects.coin-or.org/Ipopt
******************************************************************************

[PyIPOPT] Ipopt will use Hessian approximation.

[PyIPOPT] Problem created

******************************************************************************
This program contains Ipopt, a library for large-scale nonlinear optimization.
 Ipopt is released as open source code under the Eclipse Public License (EPL).
         For more information visit http://projects.coin-or.org/Ipopt
******************************************************************************

[PyIPOPT] Ipopt will use Hessian approximation.

[PyIPOPT] Ipopt will use Hessian approximation.

[PyIPOPT] Ipopt will use Hessian approximation.

[PyIPOPT] Problem created[PyIPOPT] Problem created

[PyIPOPT] Ipopt will use Hessian approximation.

[PyIPOPT] Ipopt will use Hessian approximation.

[PyIPOPT] Problem created
[PyIPOPT] Ipopt will use Hessian approximation.

[PyIPOPT] Ipopt will use Hessian approximation.


******************************************************************************
This program contains Ipopt, a library for large-scale nonlinear optimization.
 Ipopt is released as open source code under the Eclipse Public License (EPL).
         For more information visit http://projects.coin-or.org/Ipopt
******************************************************************************


******************************************************************************
This program contains Ipopt, a library for large-scale nonlinear optimization.
 Ipopt is released as open source code under the Eclipse Public License (EPL).
         For more information visit http://projects.coin-or.org/Ipopt
******************************************************************************


******************************************************************************
This program contains Ipopt, a library for large-scale nonlinear optimization.
 Ipopt is released as open source code under the Eclipse Public License (EPL).
         For more information visit http://projects.coin-or.org/Ipopt
******************************************************************************

[PyIPOPT] Problem created
[PyIPOPT] Problem created[PyIPOPT] Ipopt will use Hessian approximation.

[PyIPOPT] Ipopt will use Hessian approximation.

[PyIPOPT] Ipopt will use Hessian approximation.


[PyIPOPT] Problem created
[PyIPOPT] Ipopt will use Hessian approximation.

[PyIPOPT] Problem created

******************************************************************************
This program contains Ipopt, a library for large-scale nonlinear optimization.
 Ipopt is released as open source code under the Eclipse Public License (EPL).
         For more information visit http://projects.coin-or.org/Ipopt
******************************************************************************


******************************************************************************
This program contains Ipopt, a library for large-scale nonlinear optimization.
 Ipopt is released as open source code under the Eclipse Public License (EPL).
         For more information visit http://projects.coin-or.org/Ipopt
******************************************************************************


******************************************************************************
This program contains Ipopt, a library for large-scale nonlinear optimization.
 Ipopt is released as open source code under the Eclipse Public License (EPL).
         For more information visit http://projects.coin-or.org/Ipopt
******************************************************************************

[PyIPOPT] Ipopt will use Hessian approximation.

[PyIPOPT] Problem created
[PyIPOPT] Problem created
******************************************************************************
This program contains Ipopt, a library for large-scale nonlinear optimization.
 Ipopt is released as open source code under the Eclipse Public License (EPL).
         For more information visit http://projects.coin-or.org/Ipopt
******************************************************************************

[PyIPOPT] Ipopt will use Hessian approximation.

[PyIPOPT] Ipopt will use Hessian approximation.

[PyIPOPT] Problem created

[PyIPOPT] Problem created

******************************************************************************
This program contains Ipopt, a library for large-scale nonlinear optimization.
 Ipopt is released as open source code under the Eclipse Public License (EPL).
         For more information visit http://projects.coin-or.org/Ipopt
******************************************************************************


******************************************************************************
This program contains Ipopt, a library for large-scale nonlinear optimization.
 Ipopt is released as open source code under the Eclipse Public License (EPL).
         For more information visit http://projects.coin-or.org/Ipopt
******************************************************************************


******************************************************************************
This program contains Ipopt, a library for large-scale nonlinear optimization.
 Ipopt is released as open source code under the Eclipse Public License (EPL).
         For more information visit http://projects.coin-or.org/Ipopt
******************************************************************************

[PyIPOPT] Problem created
******************************************************************************
This program contains Ipopt, a library for large-scale nonlinear optimization.
 Ipopt is released as open source code under the Eclipse Public License (EPL).
         For more information visit http://projects.coin-or.org/Ipopt
******************************************************************************


[PyIPOPT] Problem created
[PyIPOPT] Problem created

******************************************************************************
This program contains Ipopt, a library for large-scale nonlinear optimization.
 Ipopt is released as open source code under the Eclipse Public License (EPL).
         For more information visit http://projects.coin-or.org/Ipopt
******************************************************************************


******************************************************************************
This program contains Ipopt, a library for large-scale nonlinear optimization.
 Ipopt is released as open source code under the Eclipse Public License (EPL).
         For more information visit http://projects.coin-or.org/Ipopt
******************************************************************************


******************************************************************************
This program contains Ipopt, a library for large-scale nonlinear optimization.
 Ipopt is released as open source code under the Eclipse Public License (EPL).
         For more information visit http://projects.coin-or.org/Ipopt
******************************************************************************

APPLICATION TERMINATED WITH THE EXIT STRING: Segmentation fault (signal 11)
